<?xml version="1.0" encoding="UTF-8"?>
<testng-results skipped="0" failed="0" ignored="0" total="1" passed="1">
  <reporter-output>
  </reporter-output>
  <suite name="Suite" duration-ms="20899" started-at="2023-12-14T09:12:05Z" finished-at="2023-12-14T09:12:26Z">
    <groups>
    </groups>
    <test name="Test" duration-ms="20899" started-at="2023-12-14T09:12:05Z" finished-at="2023-12-14T09:12:26Z">
      <class name="job.Testi">
        <test-method status="PASS" signature="Login()[pri:0, instance:job.Testi@3f49dace]" name="Login" duration-ms="20880" started-at="2023-12-14T14:42:05Z" finished-at="2023-12-14T14:42:26Z">
          <reporter-output>
          </reporter-output>
        </test-method> <!-- Login -->
      </class> <!-- job.Testi -->
    </test> <!-- Test -->
  </suite> <!-- Suite -->
</testng-results>
